;  LST file generated by mikroListExporter - v.2.0 
; Date/Time: 27/11/2016 12:57:04 p. m.
;----------------------------------------------

;Address Opcode 	ASM
0x0000	0x2957      	GOTO       343
_delay:
;proyectoPlotter.c,154 :: 		void delay(){
;proyectoPlotter.c,155 :: 		delay_ms(50);
0x0003	0x3082      	MOVLW      130
0x0004	0x1283      	BCF        STATUS, 5
0x0005	0x1303      	BCF        STATUS, 6
0x0006	0x00FC      	MOVWF      R12
0x0007	0x30DD      	MOVLW      221
0x0008	0x00FD      	MOVWF      R13
L_delay28:
0x0009	0x0BFD      	DECFSZ     R13, 1
0x000A	0x2809      	GOTO       L_delay28
0x000B	0x0BFC      	DECFSZ     R12, 1
0x000C	0x2809      	GOTO       L_delay28
0x000D	0x0000      	NOP
0x000E	0x0000      	NOP
;proyectoPlotter.c,156 :: 		}
L_end_delay:
0x000F	0x0008      	RETURN
; end of _delay
_Avanzaxn:
;proyectoPlotter.c,102 :: 		void Avanzaxn(){        //Avanza 1 cuadro X-
;proyectoPlotter.c,103 :: 		for(i=0;i<3;i++){
0x0010	0x1283      	BCF        STATUS, 5
0x0011	0x1303      	BCF        STATUS, 6
0x0012	0x01A2      	CLRF       _i
0x0013	0x01A3      	CLRF       _i+1
L_Avanzaxn19:
0x0014	0x3080      	MOVLW      128
0x0015	0x0623      	XORWF      _i+1, 0
0x0016	0x00F0      	MOVWF      R0
0x0017	0x3080      	MOVLW      128
0x0018	0x0270      	SUBWF      R0, 0
0x0019	0x1D03      	BTFSS      STATUS, 2
0x001A	0x281D      	GOTO       L__Avanzaxn42
0x001B	0x3003      	MOVLW      3
0x001C	0x0222      	SUBWF      _i, 0
L__Avanzaxn42:
0x001D	0x1803      	BTFSC      STATUS, 0
0x001E	0x2830      	GOTO       L_Avanzaxn20
;proyectoPlotter.c,104 :: 		PORTC = D1; // D  //X en reversa
0x001F	0x0824      	MOVF       _D1, 0
0x0020	0x0087      	MOVWF      PORTC
;proyectoPlotter.c,105 :: 		delay();
0x0021	0x2003      	CALL       _delay
;proyectoPlotter.c,106 :: 		PORTC = C1; // C
0x0022	0x0829      	MOVF       _C1, 0
0x0023	0x0087      	MOVWF      PORTC
;proyectoPlotter.c,107 :: 		delay();
0x0024	0x2003      	CALL       _delay
;proyectoPlotter.c,108 :: 		PORTC = BB1; // B
0x0025	0x082A      	MOVF       _BB1, 0
0x0026	0x0087      	MOVWF      PORTC
;proyectoPlotter.c,109 :: 		delay();
0x0027	0x2003      	CALL       _delay
;proyectoPlotter.c,110 :: 		PORTC = A1; // A
0x0028	0x082B      	MOVF       _A1, 0
0x0029	0x0087      	MOVWF      PORTC
;proyectoPlotter.c,111 :: 		delay();
0x002A	0x2003      	CALL       _delay
;proyectoPlotter.c,112 :: 		PORTC = 0x00;
0x002B	0x0187      	CLRF       PORTC
;proyectoPlotter.c,103 :: 		for(i=0;i<3;i++){
0x002C	0x0AA2      	INCF       _i, 1
0x002D	0x1903      	BTFSC      STATUS, 2
0x002E	0x0AA3      	INCF       _i+1, 1
;proyectoPlotter.c,113 :: 		}
0x002F	0x2814      	GOTO       L_Avanzaxn19
L_Avanzaxn20:
;proyectoPlotter.c,114 :: 		}
L_end_Avanzaxn:
0x0030	0x0008      	RETURN
; end of _Avanzaxn
_Avanzayp:
;proyectoPlotter.c,89 :: 		void Avanzayp(){        //Avanza 1 cuadro Y+
;proyectoPlotter.c,90 :: 		for(i = 16;i>0;i--){
0x0031	0x3010      	MOVLW      16
0x0032	0x1283      	BCF        STATUS, 5
0x0033	0x1303      	BCF        STATUS, 6
0x0034	0x00A2      	MOVWF      _i
0x0035	0x3000      	MOVLW      0
0x0036	0x00A3      	MOVWF      _i+1
L_Avanzayp16:
0x0037	0x3080      	MOVLW      128
0x0038	0x00F0      	MOVWF      R0
0x0039	0x3080      	MOVLW      128
0x003A	0x0623      	XORWF      _i+1, 0
0x003B	0x0270      	SUBWF      R0, 0
0x003C	0x1D03      	BTFSS      STATUS, 2
0x003D	0x2840      	GOTO       L__Avanzayp40
0x003E	0x0822      	MOVF       _i, 0
0x003F	0x3C00      	SUBLW      0
L__Avanzayp40:
0x0040	0x1803      	BTFSC      STATUS, 0
0x0041	0x2854      	GOTO       L_Avanzayp17
;proyectoPlotter.c,91 :: 		PORTD = A1; // A
0x0042	0x082B      	MOVF       _A1, 0
0x0043	0x0088      	MOVWF      PORTD
;proyectoPlotter.c,92 :: 		delay();
0x0044	0x2003      	CALL       _delay
;proyectoPlotter.c,93 :: 		PORTD = BB1; // B
0x0045	0x082A      	MOVF       _BB1, 0
0x0046	0x0088      	MOVWF      PORTD
;proyectoPlotter.c,94 :: 		delay();
0x0047	0x2003      	CALL       _delay
;proyectoPlotter.c,95 :: 		PORTD = C1; // C
0x0048	0x0829      	MOVF       _C1, 0
0x0049	0x0088      	MOVWF      PORTD
;proyectoPlotter.c,96 :: 		delay();
0x004A	0x2003      	CALL       _delay
;proyectoPlotter.c,97 :: 		PORTD = D1; // D
0x004B	0x0824      	MOVF       _D1, 0
0x004C	0x0088      	MOVWF      PORTD
;proyectoPlotter.c,98 :: 		delay();
0x004D	0x2003      	CALL       _delay
;proyectoPlotter.c,99 :: 		PORTD = 0x00;
0x004E	0x0188      	CLRF       PORTD
;proyectoPlotter.c,90 :: 		for(i = 16;i>0;i--){
0x004F	0x3001      	MOVLW      1
0x0050	0x02A2      	SUBWF      _i, 1
0x0051	0x1C03      	BTFSS      STATUS, 0
0x0052	0x03A3      	DECF       _i+1, 1
;proyectoPlotter.c,100 :: 		}
0x0053	0x2837      	GOTO       L_Avanzayp16
L_Avanzayp17:
;proyectoPlotter.c,101 :: 		}
L_end_Avanzayp:
0x0054	0x0008      	RETURN
; end of _Avanzayp
_Avanzayn:
;proyectoPlotter.c,115 :: 		void Avanzayn(){       //Avanza 1 cuadro Y-
;proyectoPlotter.c,116 :: 		for(i=0;i<16;i++){
0x0055	0x1283      	BCF        STATUS, 5
0x0056	0x1303      	BCF        STATUS, 6
0x0057	0x01A2      	CLRF       _i
0x0058	0x01A3      	CLRF       _i+1
L_Avanzayn22:
0x0059	0x3080      	MOVLW      128
0x005A	0x0623      	XORWF      _i+1, 0
0x005B	0x00F0      	MOVWF      R0
0x005C	0x3080      	MOVLW      128
0x005D	0x0270      	SUBWF      R0, 0
0x005E	0x1D03      	BTFSS      STATUS, 2
0x005F	0x2862      	GOTO       L__Avanzayn44
0x0060	0x3010      	MOVLW      16
0x0061	0x0222      	SUBWF      _i, 0
L__Avanzayn44:
0x0062	0x1803      	BTFSC      STATUS, 0
0x0063	0x2875      	GOTO       L_Avanzayn23
;proyectoPlotter.c,117 :: 		PORTD = D1; // D
0x0064	0x0824      	MOVF       _D1, 0
0x0065	0x0088      	MOVWF      PORTD
;proyectoPlotter.c,118 :: 		delay();
0x0066	0x2003      	CALL       _delay
;proyectoPlotter.c,119 :: 		PORTD = C1; // C
0x0067	0x0829      	MOVF       _C1, 0
0x0068	0x0088      	MOVWF      PORTD
;proyectoPlotter.c,120 :: 		delay();
0x0069	0x2003      	CALL       _delay
;proyectoPlotter.c,121 :: 		PORTD = BB1; // B
0x006A	0x082A      	MOVF       _BB1, 0
0x006B	0x0088      	MOVWF      PORTD
;proyectoPlotter.c,122 :: 		delay();
0x006C	0x2003      	CALL       _delay
;proyectoPlotter.c,123 :: 		PORTD = A1; // A
0x006D	0x082B      	MOVF       _A1, 0
0x006E	0x0088      	MOVWF      PORTD
;proyectoPlotter.c,124 :: 		delay();
0x006F	0x2003      	CALL       _delay
;proyectoPlotter.c,125 :: 		PORTD = 0x00;
0x0070	0x0188      	CLRF       PORTD
;proyectoPlotter.c,116 :: 		for(i=0;i<16;i++){
0x0071	0x0AA2      	INCF       _i, 1
0x0072	0x1903      	BTFSC      STATUS, 2
0x0073	0x0AA3      	INCF       _i+1, 1
;proyectoPlotter.c,126 :: 		}
0x0074	0x2859      	GOTO       L_Avanzayn22
L_Avanzayn23:
;proyectoPlotter.c,127 :: 		}
L_end_Avanzayn:
0x0075	0x0008      	RETURN
; end of _Avanzayn
_Avanzaxp:
;proyectoPlotter.c,76 :: 		void Avanzaxp(){        //Avanza 1 cuadro X+
;proyectoPlotter.c,77 :: 		for(i = 3;i>0;i--){
0x0076	0x3003      	MOVLW      3
0x0077	0x1283      	BCF        STATUS, 5
0x0078	0x1303      	BCF        STATUS, 6
0x0079	0x00A2      	MOVWF      _i
0x007A	0x3000      	MOVLW      0
0x007B	0x00A3      	MOVWF      _i+1
L_Avanzaxp13:
0x007C	0x3080      	MOVLW      128
0x007D	0x00F0      	MOVWF      R0
0x007E	0x3080      	MOVLW      128
0x007F	0x0623      	XORWF      _i+1, 0
0x0080	0x0270      	SUBWF      R0, 0
0x0081	0x1D03      	BTFSS      STATUS, 2
0x0082	0x2885      	GOTO       L__Avanzaxp38
0x0083	0x0822      	MOVF       _i, 0
0x0084	0x3C00      	SUBLW      0
L__Avanzaxp38:
0x0085	0x1803      	BTFSC      STATUS, 0
0x0086	0x2899      	GOTO       L_Avanzaxp14
;proyectoPlotter.c,78 :: 		PORTC = A1; // A
0x0087	0x082B      	MOVF       _A1, 0
0x0088	0x0087      	MOVWF      PORTC
;proyectoPlotter.c,79 :: 		delay();
0x0089	0x2003      	CALL       _delay
;proyectoPlotter.c,80 :: 		PORTC = BB1; // B
0x008A	0x082A      	MOVF       _BB1, 0
0x008B	0x0087      	MOVWF      PORTC
;proyectoPlotter.c,81 :: 		delay();
0x008C	0x2003      	CALL       _delay
;proyectoPlotter.c,82 :: 		PORTC = C1; // C
0x008D	0x0829      	MOVF       _C1, 0
0x008E	0x0087      	MOVWF      PORTC
;proyectoPlotter.c,83 :: 		delay();
0x008F	0x2003      	CALL       _delay
;proyectoPlotter.c,84 :: 		PORTC = D1; // D
0x0090	0x0824      	MOVF       _D1, 0
0x0091	0x0087      	MOVWF      PORTC
;proyectoPlotter.c,85 :: 		delay();
0x0092	0x2003      	CALL       _delay
;proyectoPlotter.c,86 :: 		PORTC = 0x00;
0x0093	0x0187      	CLRF       PORTC
;proyectoPlotter.c,77 :: 		for(i = 3;i>0;i--){
0x0094	0x3001      	MOVLW      1
0x0095	0x02A2      	SUBWF      _i, 1
0x0096	0x1C03      	BTFSS      STATUS, 0
0x0097	0x03A3      	DECF       _i+1, 1
;proyectoPlotter.c,87 :: 		}
0x0098	0x287C      	GOTO       L_Avanzaxp13
L_Avanzaxp14:
;proyectoPlotter.c,88 :: 		}
L_end_Avanzaxp:
0x0099	0x0008      	RETURN
; end of _Avanzaxp
_Mul_16x16_U:
;__Lib_Math.c,136 :: 		
;__Lib_Math.c,143 :: 		
0x009A	0x1283      	BCF        STATUS, 5
;__Lib_Math.c,144 :: 		
0x009B	0x1303      	BCF        STATUS, 6
;__Lib_Math.c,145 :: 		
0x009C	0x01FB      	CLRF       R11
;__Lib_Math.c,146 :: 		
0x009D	0x01FA      	CLRF       R10
;__Lib_Math.c,147 :: 		
0x009E	0x01F9      	CLRF       R9
;__Lib_Math.c,148 :: 		
0x009F	0x3080      	MOVLW      128
;__Lib_Math.c,149 :: 		
0x00A0	0x00F8      	MOVWF      R8
;__Lib_Math.c,150 :: 		
0x00A1	0x0CF1      	RRF        R1, 1
;__Lib_Math.c,151 :: 		
0x00A2	0x0CF0      	RRF        R0, 1
;__Lib_Math.c,152 :: 		
0x00A3	0x1C03      	BTFSS      STATUS, 0
;__Lib_Math.c,153 :: 		
0x00A4	0x28AE      	GOTO       $+10
;__Lib_Math.c,154 :: 		
0x00A5	0x0874      	MOVF       R4, 0
;__Lib_Math.c,155 :: 		
0x00A6	0x07F9      	ADDWF      R9, 1
;__Lib_Math.c,156 :: 		
0x00A7	0x0875      	MOVF       R5, 0
;__Lib_Math.c,157 :: 		
0x00A8	0x1803      	BTFSC      STATUS, 0
;__Lib_Math.c,158 :: 		
0x00A9	0x0F75      	INCFSZ     R5, 0
;__Lib_Math.c,159 :: 		
0x00AA	0x07FA      	ADDWF      R10, 1
;__Lib_Math.c,160 :: 		
0x00AB	0x1803      	BTFSC      STATUS, 0
;__Lib_Math.c,161 :: 		
0x00AC	0x0AFB      	INCF       R11, 1
;__Lib_Math.c,162 :: 		
0x00AD	0x1003      	BCF        STATUS, 0
;__Lib_Math.c,163 :: 		
0x00AE	0x1FF0      	BTFSS      R0, 7
;__Lib_Math.c,164 :: 		
0x00AF	0x28B6      	GOTO       $+7
;__Lib_Math.c,165 :: 		
0x00B0	0x0874      	MOVF       R4, 0
;__Lib_Math.c,166 :: 		
0x00B1	0x07FA      	ADDWF      R10, 1
;__Lib_Math.c,167 :: 		
0x00B2	0x0875      	MOVF       R5, 0
;__Lib_Math.c,168 :: 		
0x00B3	0x1803      	BTFSC      STATUS, 0
;__Lib_Math.c,169 :: 		
0x00B4	0x0F75      	INCFSZ     R5, 0
;__Lib_Math.c,170 :: 		
0x00B5	0x07FB      	ADDWF      R11, 1
;__Lib_Math.c,171 :: 		
0x00B6	0x0CFB      	RRF        R11, 1
;__Lib_Math.c,172 :: 		
0x00B7	0x0CFA      	RRF        R10, 1
;__Lib_Math.c,173 :: 		
0x00B8	0x0CF9      	RRF        R9, 1
;__Lib_Math.c,174 :: 		
0x00B9	0x0CF8      	RRF        R8, 1
;__Lib_Math.c,175 :: 		
0x00BA	0x1C03      	BTFSS      STATUS, 0
;__Lib_Math.c,176 :: 		
0x00BB	0x28A1      	GOTO       $-26
;__Lib_Math.c,177 :: 		
0x00BC	0x087B      	MOVF       R11, 0
;__Lib_Math.c,178 :: 		
0x00BD	0x00F3      	MOVWF      R3
;__Lib_Math.c,179 :: 		
0x00BE	0x087A      	MOVF       R10, 0
;__Lib_Math.c,180 :: 		
0x00BF	0x00F2      	MOVWF      R2
;__Lib_Math.c,181 :: 		
0x00C0	0x0879      	MOVF       R9, 0
;__Lib_Math.c,182 :: 		
0x00C1	0x00F1      	MOVWF      R1
;__Lib_Math.c,183 :: 		
0x00C2	0x0878      	MOVF       R8, 0
;__Lib_Math.c,184 :: 		
0x00C3	0x00F0      	MOVWF      R0
;__Lib_Math.c,187 :: 		
L_end_Mul_16x16_U:
0x00C4	0x0008      	RETURN
; end of _Mul_16x16_U
_____DoICP:
;__Lib_System.c,6 :: 		
;__Lib_System.c,9 :: 		
0x00C5	0x1283      	BCF        STATUS, 5
0x00C6	0x1303      	BCF        STATUS, 6
0x00C7	0x0821      	MOVF       ___DoICPAddr+1, 0
0x00C8	0x008A      	MOVWF      PCLATH
;__Lib_System.c,10 :: 		
0x00C9	0x0820      	MOVF       ___DoICPAddr, 0
0x00CA	0x0082      	MOVWF      PCL
;__Lib_System.c,12 :: 		
L_end_____DoICP:
0x00CB	0x0008      	RETURN
; end of _____DoICP
_Pintar_Cuadro:
;proyectoPlotter.c,54 :: 		void Pintar_Cuadro(){
;proyectoPlotter.c,55 :: 		Avanzaxp();
0x00CC	0x2076      	CALL       _Avanzaxp
;proyectoPlotter.c,56 :: 		Avanzayn();
0x00CD	0x2055      	CALL       _Avanzayn
;proyectoPlotter.c,57 :: 		Avanzaxn();
0x00CE	0x2010      	CALL       _Avanzaxn
;proyectoPlotter.c,58 :: 		Avanzayp();
0x00CF	0x2031      	CALL       _Avanzayp
;proyectoPlotter.c,59 :: 		Avanzaxp();
0x00D0	0x2076      	CALL       _Avanzaxp
;proyectoPlotter.c,60 :: 		}
L_end_Pintar_Cuadro:
0x00D1	0x0008      	RETURN
; end of _Pintar_Cuadro
_Regresax:
;proyectoPlotter.c,139 :: 		void Regresax(){         //Regresa 10 cuadros en X-
;proyectoPlotter.c,140 :: 		for(i=30;i>0;i--){
0x00D2	0x301E      	MOVLW      30
0x00D3	0x1283      	BCF        STATUS, 5
0x00D4	0x1303      	BCF        STATUS, 6
0x00D5	0x00A2      	MOVWF      _i
0x00D6	0x3000      	MOVLW      0
0x00D7	0x00A3      	MOVWF      _i+1
L_Regresax25:
0x00D8	0x3080      	MOVLW      128
0x00D9	0x00F0      	MOVWF      R0
0x00DA	0x3080      	MOVLW      128
0x00DB	0x0623      	XORWF      _i+1, 0
0x00DC	0x0270      	SUBWF      R0, 0
0x00DD	0x1D03      	BTFSS      STATUS, 2
0x00DE	0x28E1      	GOTO       L__Regresax47
0x00DF	0x0822      	MOVF       _i, 0
0x00E0	0x3C00      	SUBLW      0
L__Regresax47:
0x00E1	0x1803      	BTFSC      STATUS, 0
0x00E2	0x28F5      	GOTO       L_Regresax26
;proyectoPlotter.c,141 :: 		PORTC = D1; // D
0x00E3	0x0824      	MOVF       _D1, 0
0x00E4	0x0087      	MOVWF      PORTC
;proyectoPlotter.c,142 :: 		delay();
0x00E5	0x2003      	CALL       _delay
;proyectoPlotter.c,143 :: 		PORTC = C1; // C
0x00E6	0x0829      	MOVF       _C1, 0
0x00E7	0x0087      	MOVWF      PORTC
;proyectoPlotter.c,144 :: 		delay();
0x00E8	0x2003      	CALL       _delay
;proyectoPlotter.c,145 :: 		PORTC = BB1; // B
0x00E9	0x082A      	MOVF       _BB1, 0
0x00EA	0x0087      	MOVWF      PORTC
;proyectoPlotter.c,146 :: 		delay();
0x00EB	0x2003      	CALL       _delay
;proyectoPlotter.c,147 :: 		PORTC = A1; // A
0x00EC	0x082B      	MOVF       _A1, 0
0x00ED	0x0087      	MOVWF      PORTC
;proyectoPlotter.c,148 :: 		delay();
0x00EE	0x2003      	CALL       _delay
;proyectoPlotter.c,149 :: 		PORTC = 0x00;
0x00EF	0x0187      	CLRF       PORTC
;proyectoPlotter.c,140 :: 		for(i=30;i>0;i--){
0x00F0	0x3001      	MOVLW      1
0x00F1	0x02A2      	SUBWF      _i, 1
0x00F2	0x1C03      	BTFSS      STATUS, 0
0x00F3	0x03A3      	DECF       _i+1, 1
;proyectoPlotter.c,150 :: 		}
0x00F4	0x28D8      	GOTO       L_Regresax25
L_Regresax26:
;proyectoPlotter.c,151 :: 		}
L_end_Regresax:
0x00F5	0x0008      	RETURN
; end of _Regresax
___CC2DW:
;__Lib_System.c,134 :: 		
;__Lib_System.c,137 :: 		
_CC2D_Loop1:
;__Lib_System.c,139 :: 		
0x00F6	0x20C5      	CALL       _____DoICP
0x00F7	0x118A      	BCF        PCLATH, 3
0x00F8	0x120A      	BCF        PCLATH, 4
;__Lib_System.c,141 :: 		
0x00F9	0x0080      	MOVWF      INDF
;__Lib_System.c,142 :: 		
0x00FA	0x0A84      	INCF       FSR, 1
;__Lib_System.c,143 :: 		
0x00FB	0x0AA0      	INCF       ___DoICPAddr, 1
;__Lib_System.c,145 :: 		
0x00FC	0x1903      	BTFSC      STATUS, 2
;__Lib_System.c,146 :: 		
0x00FD	0x0AA1      	INCF       ___DoICPAddr+1, 1
;__Lib_System.c,147 :: 		
0x00FE	0x03F0      	DECF       R0, 1
;__Lib_System.c,149 :: 		
0x00FF	0x1D03      	BTFSS      STATUS, 2
;__Lib_System.c,150 :: 		
0x0100	0x28F6      	GOTO       _CC2D_Loop1
;__Lib_System.c,152 :: 		
L_end___CC2DW:
0x0101	0x0008      	RETURN
; end of ___CC2DW
_Fcirculo:
;proyectoPlotter.c,62 :: 		void Fcirculo(){
;proyectoPlotter.c,63 :: 		for(y=0;y<10;y++){
0x0102	0x1283      	BCF        STATUS, 5
0x0103	0x1303      	BCF        STATUS, 6
0x0104	0x01A5      	CLRF       _y
0x0105	0x01A6      	CLRF       _y+1
L_Fcirculo5:
0x0106	0x3080      	MOVLW      128
0x0107	0x0626      	XORWF      _y+1, 0
0x0108	0x00F0      	MOVWF      R0
0x0109	0x3080      	MOVLW      128
0x010A	0x0270      	SUBWF      R0, 0
0x010B	0x1D03      	BTFSS      STATUS, 2
0x010C	0x290F      	GOTO       L__Fcirculo35
0x010D	0x300A      	MOVLW      10
0x010E	0x0225      	SUBWF      _y, 0
L__Fcirculo35:
0x010F	0x1803      	BTFSC      STATUS, 0
0x0110	0x294C      	GOTO       L_Fcirculo6
;proyectoPlotter.c,64 :: 		for(x=0;x<10;x++){
0x0111	0x01A7      	CLRF       _x
0x0112	0x01A8      	CLRF       _x+1
L_Fcirculo8:
0x0113	0x3080      	MOVLW      128
0x0114	0x0628      	XORWF      _x+1, 0
0x0115	0x00F0      	MOVWF      R0
0x0116	0x3080      	MOVLW      128
0x0117	0x0270      	SUBWF      R0, 0
0x0118	0x1D03      	BTFSS      STATUS, 2
0x0119	0x291C      	GOTO       L__Fcirculo36
0x011A	0x300A      	MOVLW      10
0x011B	0x0227      	SUBWF      _x, 0
L__Fcirculo36:
0x011C	0x1803      	BTFSC      STATUS, 0
0x011D	0x2946      	GOTO       L_Fcirculo9
;proyectoPlotter.c,65 :: 		if(circulo[y][x] == 1){
0x011E	0x300A      	MOVLW      10
0x011F	0x00F0      	MOVWF      R0
0x0120	0x3000      	MOVLW      0
0x0121	0x00F1      	MOVWF      R0+1
0x0122	0x0825      	MOVF       _y, 0
0x0123	0x00F4      	MOVWF      R4
0x0124	0x0826      	MOVF       _y+1, 0
0x0125	0x00F5      	MOVWF      R4+1
0x0126	0x209A      	CALL       _Mul_16x16_U
0x0127	0x3065      	MOVLW      _circulo
0x0128	0x07F0      	ADDWF      R0, 1
0x0129	0x3001      	MOVLW      hi_addr(_circulo)
0x012A	0x1803      	BTFSC      STATUS, 0
0x012B	0x3E01      	ADDLW      1
0x012C	0x07F1      	ADDWF      R0+1, 1
0x012D	0x0827      	MOVF       _x, 0
0x012E	0x07F0      	ADDWF      R0, 1
0x012F	0x0828      	MOVF       _x+1, 0
0x0130	0x1803      	BTFSC      STATUS, 0
0x0131	0x3E01      	ADDLW      1
0x0132	0x07F1      	ADDWF      R0+1, 1
0x0133	0x0870      	MOVF       R0, 0
0x0134	0x00A0      	MOVWF      ___DoICPAddr
0x0135	0x0871      	MOVF       R0+1, 0
0x0136	0x00A1      	MOVWF      ___DoICPAddr+1
0x0137	0x20C5      	CALL       _____DoICP
0x0138	0x118A      	BCF        PCLATH, 3
0x0139	0x120A      	BCF        PCLATH, 4
0x013A	0x00F1      	MOVWF      R1
0x013B	0x0871      	MOVF       R1, 0
0x013C	0x3A01      	XORLW      1
0x013D	0x1D03      	BTFSS      STATUS, 2
0x013E	0x2941      	GOTO       L_Fcirculo11
;proyectoPlotter.c,66 :: 		Pintar_Cuadro(); //pinta el pixel
0x013F	0x20CC      	CALL       _Pintar_Cuadro
;proyectoPlotter.c,67 :: 		}
0x0140	0x2942      	GOTO       L_Fcirculo12
L_Fcirculo11:
;proyectoPlotter.c,69 :: 		Avanzaxp();
0x0141	0x2076      	CALL       _Avanzaxp
L_Fcirculo12:
;proyectoPlotter.c,64 :: 		for(x=0;x<10;x++){
0x0142	0x0AA7      	INCF       _x, 1
0x0143	0x1903      	BTFSC      STATUS, 2
0x0144	0x0AA8      	INCF       _x+1, 1
;proyectoPlotter.c,70 :: 		}
0x0145	0x2913      	GOTO       L_Fcirculo8
L_Fcirculo9:
;proyectoPlotter.c,71 :: 		Regresax();
0x0146	0x20D2      	CALL       _Regresax
;proyectoPlotter.c,72 :: 		Avanzayn();
0x0147	0x2055      	CALL       _Avanzayn
;proyectoPlotter.c,63 :: 		for(y=0;y<10;y++){
0x0148	0x0AA5      	INCF       _y, 1
0x0149	0x1903      	BTFSC      STATUS, 2
0x014A	0x0AA6      	INCF       _y+1, 1
;proyectoPlotter.c,73 :: 		}
0x014B	0x2906      	GOTO       L_Fcirculo5
L_Fcirculo6:
;proyectoPlotter.c,74 :: 		}
L_end_Fcirculo:
0x014C	0x0008      	RETURN
; end of _Fcirculo
_configuraPuertos:
;proyectoPlotter.c,37 :: 		void configuraPuertos(){
;proyectoPlotter.c,38 :: 		ANSELH = 0;
0x014D	0x1683      	BSF        STATUS, 5
0x014E	0x1703      	BSF        STATUS, 6
0x014F	0x0189      	CLRF       ANSELH
;proyectoPlotter.c,39 :: 		ANSEL = 0;
0x0150	0x0188      	CLRF       ANSEL
;proyectoPlotter.c,40 :: 		TRISD = 0x00;
0x0151	0x1303      	BCF        STATUS, 6
0x0152	0x0188      	CLRF       TRISD
;proyectoPlotter.c,41 :: 		TRISA = 0xFF;
0x0153	0x30FF      	MOVLW      255
0x0154	0x0085      	MOVWF      TRISA
;proyectoPlotter.c,42 :: 		TRISC = 0x00;
0x0155	0x0187      	CLRF       TRISC
;proyectoPlotter.c,43 :: 		}
L_end_configuraPuertos:
0x0156	0x0008      	RETURN
; end of _configuraPuertos
_main:
;proyectoPlotter.c,25 :: 		void main() {
;proyectoPlotter.c,26 :: 		A1 = 0x08;
0x0157	0x3008      	MOVLW      8
0x0158	0x1283      	BCF        STATUS, 5
0x0159	0x1303      	BCF        STATUS, 6
0x015A	0x00AB      	MOVWF      _A1
;proyectoPlotter.c,27 :: 		BB1 = 0x04;
0x015B	0x3004      	MOVLW      4
0x015C	0x00AA      	MOVWF      _BB1
;proyectoPlotter.c,28 :: 		C1 = 0x02;
0x015D	0x3002      	MOVLW      2
0x015E	0x00A9      	MOVWF      _C1
;proyectoPlotter.c,29 :: 		D1 = 0x01;
0x015F	0x3001      	MOVLW      1
0x0160	0x00A4      	MOVWF      _D1
;proyectoPlotter.c,30 :: 		configuraPuertos();
0x0161	0x214D      	CALL       _configuraPuertos
;proyectoPlotter.c,32 :: 		while(1){
L_main0:
;proyectoPlotter.c,33 :: 		Fcirculo();
0x0162	0x2102      	CALL       _Fcirculo
;proyectoPlotter.c,34 :: 		}
0x0163	0x2962      	GOTO       L_main0
;proyectoPlotter.c,35 :: 		}
L_end_main:
0x0164	0x2964      	GOTO       $+0
; end of _main
;proyectoPlotter.c,6 :: _circulo
0x0165	0x3400 ;_circulo+0
0x0166	0x3400 ;_circulo+1
0x0167	0x3400 ;_circulo+2
0x0168	0x3401 ;_circulo+3
0x0169	0x3401 ;_circulo+4
0x016A	0x3401 ;_circulo+5
0x016B	0x3400 ;_circulo+6
0x016C	0x3400 ;_circulo+7
0x016D	0x3400 ;_circulo+8
0x016E	0x3400 ;_circulo+9
0x016F	0x3400 ;_circulo+10
0x0170	0x3400 ;_circulo+11
0x0171	0x3401 ;_circulo+12
0x0172	0x3400 ;_circulo+13
0x0173	0x3400 ;_circulo+14
0x0174	0x3400 ;_circulo+15
0x0175	0x3401 ;_circulo+16
0x0176	0x3400 ;_circulo+17
0x0177	0x3400 ;_circulo+18
0x0178	0x3400 ;_circulo+19
0x0179	0x3400 ;_circulo+20
0x017A	0x3401 ;_circulo+21
0x017B	0x3400 ;_circulo+22
0x017C	0x3400 ;_circulo+23
0x017D	0x3400 ;_circulo+24
0x017E	0x3400 ;_circulo+25
0x017F	0x3400 ;_circulo+26
0x0180	0x3401 ;_circulo+27
0x0181	0x3400 ;_circulo+28
0x0182	0x3400 ;_circulo+29
0x0183	0x3401 ;_circulo+30
0x0184	0x3400 ;_circulo+31
0x0185	0x3400 ;_circulo+32
0x0186	0x3400 ;_circulo+33
0x0187	0x3400 ;_circulo+34
0x0188	0x3400 ;_circulo+35
0x0189	0x3400 ;_circulo+36
0x018A	0x3400 ;_circulo+37
0x018B	0x3401 ;_circulo+38
0x018C	0x3400 ;_circulo+39
0x018D	0x3401 ;_circulo+40
0x018E	0x3400 ;_circulo+41
0x018F	0x3400 ;_circulo+42
0x0190	0x3400 ;_circulo+43
0x0191	0x3400 ;_circulo+44
0x0192	0x3400 ;_circulo+45
0x0193	0x3400 ;_circulo+46
0x0194	0x3400 ;_circulo+47
0x0195	0x3401 ;_circulo+48
0x0196	0x3400 ;_circulo+49
0x0197	0x3401 ;_circulo+50
0x0198	0x3400 ;_circulo+51
0x0199	0x3400 ;_circulo+52
0x019A	0x3400 ;_circulo+53
0x019B	0x3400 ;_circulo+54
0x019C	0x3400 ;_circulo+55
0x019D	0x3400 ;_circulo+56
0x019E	0x3400 ;_circulo+57
0x019F	0x3401 ;_circulo+58
0x01A0	0x3400 ;_circulo+59
0x01A1	0x3400 ;_circulo+60
0x01A2	0x3401 ;_circulo+61
0x01A3	0x3400 ;_circulo+62
0x01A4	0x3400 ;_circulo+63
0x01A5	0x3400 ;_circulo+64
0x01A6	0x3400 ;_circulo+65
0x01A7	0x3400 ;_circulo+66
0x01A8	0x3401 ;_circulo+67
0x01A9	0x3400 ;_circulo+68
0x01AA	0x3400 ;_circulo+69
0x01AB	0x3400 ;_circulo+70
0x01AC	0x3400 ;_circulo+71
0x01AD	0x3401 ;_circulo+72
0x01AE	0x3400 ;_circulo+73
0x01AF	0x3400 ;_circulo+74
0x01B0	0x3400 ;_circulo+75
0x01B1	0x3401 ;_circulo+76
0x01B2	0x3400 ;_circulo+77
0x01B3	0x3400 ;_circulo+78
0x01B4	0x3400 ;_circulo+79
0x01B5	0x3400 ;_circulo+80
0x01B6	0x3400 ;_circulo+81
0x01B7	0x3400 ;_circulo+82
0x01B8	0x3401 ;_circulo+83
0x01B9	0x3401 ;_circulo+84
0x01BA	0x3401 ;_circulo+85
0x01BB	0x3400 ;_circulo+86
0x01BC	0x3400 ;_circulo+87
0x01BD	0x3400 ;_circulo+88
0x01BE	0x3400 ;_circulo+89
0x01BF	0x3400 ;_circulo+90
0x01C0	0x3400 ;_circulo+91
0x01C1	0x3400 ;_circulo+92
0x01C2	0x3400 ;_circulo+93
0x01C3	0x3400 ;_circulo+94
0x01C4	0x3400 ;_circulo+95
0x01C5	0x3400 ;_circulo+96
0x01C6	0x3400 ;_circulo+97
0x01C7	0x3400 ;_circulo+98
0x01C8	0x3400 ;_circulo+99
; end of _circulo
Symbol List:
//** Routines locations **
//ADDRESS    SIZE    PROCEDURE
//----------------------------------------------
0x0003      [13]    _delay
0x0010      [33]    _Avanzaxn
0x0031      [36]    _Avanzayp
0x0055      [33]    _Avanzayn
0x0076      [36]    _Avanzaxp
0x009A      [43]    _Mul_16x16_U
0x00C5       [7]    _____DoICP
0x00CC       [6]    _Pintar_Cuadro
0x00D2      [36]    _Regresax
0x00F6      [12]    ___CC2DW
0x0102      [75]    _Fcirculo
0x014D      [10]    _configuraPuertos
0x0157      [14]    _main
//** Variables locations ** 
//ADDRESS    SIZE    VARIABLE
//----------------------------------------------
0x0000       [1]    INDF
0x0002       [1]    PCL
0x0003       [1]    STATUS
0x0004       [1]    FSR
0x0007       [1]    PORTC
0x0008       [1]    PORTD
0x000A       [1]    PCLATH
0x0020       [2]    ___DoICPAddr
0x0022       [2]    _i
0x0024       [1]    _D1
0x0025       [2]    _y
0x0027       [2]    _x
0x0029       [1]    _C1
0x002A       [1]    _BB1
0x002B       [1]    _A1
0x002C       [1]    ___saveSTATUS
0x002D       [1]    ___savePCLATH
0x0070       [1]    R0
0x0071       [1]    R1
0x0072       [1]    R2
0x0073       [1]    R3
0x0074       [1]    R4
0x0075       [1]    R5
0x0076       [1]    R6
0x0077       [1]    R7
0x0078       [1]    R8
0x0079       [1]    R9
0x007A       [1]    R10
0x007B       [1]    R11
0x007C       [1]    R12
0x007D       [1]    R13
0x007E       [1]    R14
0x007F       [1]    R15
0x0085       [1]    TRISA
0x0087       [1]    TRISC
0x0088       [1]    TRISD
0x0188       [1]    ANSEL
0x0189       [1]    ANSELH
//** Constants locations ** 
//ADDRESS    SIZE    CONSTANT
//----------------------------------------------
0x0165     [100]    _circulo
//** Label List: ** 
//----------------------------------------------
  L_main0
  L_main1
  L_Pintar_pixel2
  L_Pintar_pixel3
  L_Pintar_pixel4
  L_Fcirculo5
  L_Fcirculo6
  L_Fcirculo7
  L_Fcirculo8
  L_Fcirculo9
  L_Fcirculo10
  L_Fcirculo11
  L_Fcirculo12
  L_Avanzaxp13
  L_Avanzaxp14
  L_Avanzaxp15
  L_Avanzayp16
  L_Avanzayp17
  L_Avanzayp18
  L_Avanzaxn19
  L_Avanzaxn20
  L_Avanzaxn21
  L_Avanzayn22
  L_Avanzayn23
  L_Avanzayn24
  L_Regresax25
  L_Regresax26
  L_Regresax27
  L_delay28
  L_end_main
  _main
  L_end_configuraPuertos
  _configuraPuertos
  L_end_Pintar_pixel
  _Pintar_pixel
  L__Pintar_pixel32
  L_end_Pintar_Cuadro
  _Pintar_Cuadro
  L_end_Fcirculo
  _Fcirculo
  L__Fcirculo35
  L__Fcirculo36
  L_end_Avanzaxp
  _Avanzaxp
  L__Avanzaxp38
  L_end_Avanzayp
  _Avanzayp
  L__Avanzayp40
  L_end_Avanzaxn
  _Avanzaxn
  L__Avanzaxn42
  L_end_Avanzayn
  _Avanzayn
  L__Avanzayn44
  L_end_Bajay
  _Bajay
  L_end_Regresax
  _Regresax
  L__Regresax47
  L_end_delay
  _delay
  L_Div_16x16_S0
  L_Div_16x16_S1
  LOOPS3232A
  SADD22LA
  SOK22LA
  SADD22L8
  SOK22L8
  LOOPS3232B
  SADD22LB
  SOK22LB
  SADD22L16
  SOK22L16
  LOOPS3232C
  SADD22LC
  SOK22LC
  SADD22L24
  SOK22L24
  LOOPS3232D
  SADD22LD
  SOK22LD
  SOK22L
  L_Div_32x32_S6
  L_Div_32x32_S7
  L_Div_32x32_S8
  L_Div_32x32_S9
  FXD3232S
  END_ALL
  CA3232S
  C3232SX
  C3232SX1
  C3232S
  C3232S2
  C3232SX4
  C3232SOK
  C3232SX3
  C3232SX2
  avoid_comfrem
  LOOPU3232A
  UADD22LA
  UOK22LA
  UADD22L8
  UOK22L8
  LOOPU3232B
  UADD22LB
  UOK22LB
  UADD22L16
  UOK22L16
  LOOPU3232C
  UADD22LC
  UOK22LC
  UADD22L24
  UOK22L24
  LOOPU3232D
  UADD22LD
  UOK22LD
  UOK22L
  _NEXT
  _EXIT2
  _LOOP
  _EXIT1
  _IF_FIRST
  _IF_SECOND
  _INVERCE_FIRST
  _MULT
  _INBERSE_SECOND
  _EXIT
  L_end_Mul_8x8_U
  _Mul_8x8_U
  L_end_Mul_16x16_U
  _Mul_16x16_U
  L_end_Div_8x8_U
  _Div_8x8_U
  L_end_Div_16x16_U
  _Div_16x16_U
  L_end_Mul_8x8_S
  _Mul_8x8_S
  L_end_Mul_16x16_S
  _Mul_16x16_S
  L_end_Div_16x16_S_L
  _Div_16x16_S_L
  L_end_Div_16x16_S
  _Div_16x16_S
  L_end_Div_8x8_S
  _Div_8x8_S
  L_end_SDIV3232L
  _SDIV3232L
  L_end_COMFREM
  _COMFREM
  L_end_Div_32x32_S
  _Div_32x32_S
  L_end_Div_32x32_U
  _Div_32x32_U
  L_end_Mul_32x32_U
  _Mul_32x32_U
  L_end_Mul_32x32_S
  _Mul_32x32_S
  L_loopCA2AWs
  L_CA2AWend
  _CCA2AW_Loop1
  L_loopCS2Ss
  L_CS2Send
  _CCS2S_Loop1
  L_CCS2Send
  L_loopFZinSWs
  L_FZinSend
  _CC2D_Loop1
  L_end_____DoICP
  _____DoICP
  L_end_____DoIFC
  _____DoIFC
  L_end___CA2AW
  ___CA2AW
  L_end___CCA2AW
  ___CCA2AW
  L_end___CS2S
  ___CS2S
  L_end___CCS2S
  ___CCS2S
  L_end___FZinS
  ___FZinS
  L_end___CC2DW
  ___CC2DW
  L_end_Swap
  _Swap
